<?xml version="1.0" encoding="UTF-8"?>
<testsuite name="memory.MemoryFinderTest" tests="1" skipped="0" failures="0" errors="0" timestamp="2024-01-29T11:54:37" hostname="DESKTOP-8U0874G" time="0.17">
  <properties/>
  <testcase name="get()" classname="memory.MemoryFinderTest" time="0.17"/>
  <system-out><![CDATA[]]></system-out>
  <system-err><![CDATA[]]></system-err>
</testsuite>
